{"timestamp":"2026-03-10T17:27:17.710498Z","level":"info","event":"DAG bundles loaded: dags-folder, example_dags","logger":"airflow.dag_processing.bundles.manager.DagBundlesManager","filename":"manager.py","lineno":179}
{"timestamp":"2026-03-10T17:27:17.711192Z","level":"info","event":"Filling up the DagBag from /opt/airflow/dags/delivery-scoring.py","logger":"airflow.models.dagbag.BundleDagBag","filename":"dagbag.py","lineno":593}
{"timestamp":"2026-03-10T17:27:17.772541Z","level":"info","event":"Task instance is in running state","logger":"task.stdout"}
{"timestamp":"2026-03-10T17:27:17.772745Z","level":"info","event":" Previous state of the Task instance: TaskInstanceState.QUEUED","logger":"task.stdout"}
{"timestamp":"2026-03-10T17:27:17.773257Z","level":"info","event":"Current task name:virtualenv_python","logger":"task.stdout"}
{"timestamp":"2026-03-10T17:27:17.773436Z","level":"info","event":"Dag name:sim-ds-basic-pipeline","logger":"task.stdout"}
{"timestamp":"2026-03-10T17:27:17.774716Z","level":"info","event":"Executing cmd: uv venv --allow-existing --seed --python python --system-site-packages /tmp/venvhjirukh6","logger":"airflow.providers.standard.utils.python_virtualenv","filename":"python_virtualenv.py","lineno":147}
{"timestamp":"2026-03-10T17:27:17.775690Z","level":"info","event":"Output:","logger":"airflow.providers.standard.utils.python_virtualenv","filename":"python_virtualenv.py","lineno":157}
{"timestamp":"2026-03-10T17:27:17.827929Z","level":"info","event":"Using CPython 3.12.12 interpreter at: /usr/python/bin/python","logger":"airflow.providers.standard.utils.python_virtualenv","filename":"python_virtualenv.py","lineno":161}
{"timestamp":"2026-03-10T17:27:17.828168Z","level":"info","event":"Creating virtual environment with seed packages at: /tmp/venvhjirukh6","logger":"airflow.providers.standard.utils.python_virtualenv","filename":"python_virtualenv.py","lineno":161}
{"timestamp":"2026-03-10T17:27:17.846469Z","level":"info","event":" + pip==26.0.1","logger":"airflow.providers.standard.utils.python_virtualenv","filename":"python_virtualenv.py","lineno":161}
{"timestamp":"2026-03-10T17:27:17.849957Z","level":"info","event":"Executing cmd: uv pip install --python /tmp/venvhjirukh6/bin/python -r /tmp/venvhjirukh6/requirements.txt","logger":"airflow.providers.standard.utils.python_virtualenv","filename":"python_virtualenv.py","lineno":147}
{"timestamp":"2026-03-10T17:27:17.850609Z","level":"info","event":"Output:","logger":"airflow.providers.standard.utils.python_virtualenv","filename":"python_virtualenv.py","lineno":157}
{"timestamp":"2026-03-10T17:27:17.933913Z","level":"info","event":"Using Python 3.12.12 environment at: /tmp/venvhjirukh6","logger":"airflow.providers.standard.utils.python_virtualenv","filename":"python_virtualenv.py","lineno":161}
{"timestamp":"2026-03-10T17:27:18.058848Z","level":"info","event":"  × No solution found when resolving dependencies:","logger":"airflow.providers.standard.utils.python_virtualenv","filename":"python_virtualenv.py","lineno":161}
{"timestamp":"2026-03-10T17:27:18.059516Z","level":"info","event":"  ╰─▶ Because catboost-1-2-10 was not found in the package registry and you","logger":"airflow.providers.standard.utils.python_virtualenv","filename":"python_virtualenv.py","lineno":161}
{"timestamp":"2026-03-10T17:27:18.060060Z","level":"info","event":"      require catboost-1-2-10, we can conclude that your requirements are","logger":"airflow.providers.standard.utils.python_virtualenv","filename":"python_virtualenv.py","lineno":161}
{"timestamp":"2026-03-10T17:27:18.060418Z","level":"info","event":"      unsatisfiable.","logger":"airflow.providers.standard.utils.python_virtualenv","filename":"python_virtualenv.py","lineno":161}
{"timestamp":"2026-03-10T17:27:18.088001Z","level":"error","event":"Task failed with exception","logger":"task","filename":"task_runner.py","lineno":1142,"error_detail":[{"exc_type":"CalledProcessError","exc_value":"Command '['uv', 'pip', 'install', '--python', '/tmp/venvhjirukh6/bin/python', '-r', '/tmp/venvhjirukh6/requirements.txt']' returned non-zero exit status 1.","exc_notes":[],"syntax_error":null,"is_cause":false,"frames":[{"filename":"/home/airflow/.local/lib/python3.12/site-packages/airflow/sdk/execution_time/task_runner.py","lineno":1068,"name":"run"},{"filename":"/home/airflow/.local/lib/python3.12/site-packages/airflow/sdk/execution_time/task_runner.py","lineno":1477,"name":"_execute_task"},{"filename":"/home/airflow/.local/lib/python3.12/site-packages/airflow/sdk/bases/operator.py","lineno":417,"name":"wrapper"},{"filename":"/home/airflow/.local/lib/python3.12/site-packages/airflow/sdk/bases/decorator.py","lineno":252,"name":"execute"},{"filename":"/home/airflow/.local/lib/python3.12/site-packages/airflow/sdk/bases/operator.py","lineno":417,"name":"wrapper"},{"filename":"/home/airflow/.local/lib/python3.12/site-packages/airflow/providers/standard/operators/python.py","lineno":546,"name":"execute"},{"filename":"/home/airflow/.local/lib/python3.12/site-packages/airflow/sdk/bases/operator.py","lineno":417,"name":"wrapper"},{"filename":"/home/airflow/.local/lib/python3.12/site-packages/airflow/providers/standard/operators/python.py","lineno":228,"name":"execute"},{"filename":"/home/airflow/.local/lib/python3.12/site-packages/airflow/providers/standard/operators/python.py","lineno":980,"name":"execute_callable"},{"filename":"/home/airflow/.local/lib/python3.12/site-packages/airflow/providers/standard/operators/python.py","lineno":858,"name":"_prepare_venv"},{"filename":"/home/airflow/.local/lib/python3.12/site-packages/airflow/providers/standard/utils/python_virtualenv.py","lineno":225,"name":"prepare_virtualenv"},{"filename":"/home/airflow/.local/lib/python3.12/site-packages/airflow/providers/standard/utils/python_virtualenv.py","lineno":165,"name":"_execute_in_subprocess"}],"is_group":false,"exceptions":[]}]}
{"timestamp":"2026-03-10T17:27:18.090780Z","level":"info","event":"Task instance in failure state","logger":"task.stdout"}
{"timestamp":"2026-03-10T17:27:18.091100Z","level":"info","event":"Task start","logger":"task.stdout"}
{"timestamp":"2026-03-10T17:27:18.091366Z","level":"info","event":"Task:<Task(_PythonVirtualenvDecoratedOperator): virtualenv_python>","logger":"task.stdout"}
{"timestamp":"2026-03-10T17:27:18.092004Z","level":"info","event":"Failure caused by Command '['uv', 'pip', 'install', '--python', '/tmp/venvhjirukh6/bin/python', '-r', '/tmp/venvhjirukh6/requirements.txt']' returned non-zero exit status 1.","logger":"task.stdout"}
