{"timestamp":"2026-03-10T17:57:52.169519Z","level":"info","event":"DAG bundles loaded: dags-folder, example_dags","logger":"airflow.dag_processing.bundles.manager.DagBundlesManager","filename":"manager.py","lineno":179}
{"timestamp":"2026-03-10T17:57:52.170227Z","level":"info","event":"Filling up the DagBag from /opt/airflow/dags/delivery-scoring.py","logger":"airflow.models.dagbag.BundleDagBag","filename":"dagbag.py","lineno":593}
{"timestamp":"2026-03-10T17:57:52.238073Z","level":"info","event":"Task instance is in running state","logger":"task.stdout"}
{"timestamp":"2026-03-10T17:57:52.238222Z","level":"info","event":" Previous state of the Task instance: TaskInstanceState.QUEUED","logger":"task.stdout"}
{"timestamp":"2026-03-10T17:57:52.238381Z","level":"info","event":"Current task name:virtualenv_python","logger":"task.stdout"}
{"timestamp":"2026-03-10T17:57:52.238467Z","level":"info","event":"Dag name:sim-ds-basic-pipeline","logger":"task.stdout"}
{"timestamp":"2026-03-10T17:57:52.240585Z","level":"info","event":"Executing cmd: uv venv --allow-existing --seed --python python /tmp/venv0nxa77r0","logger":"airflow.providers.standard.utils.python_virtualenv","filename":"python_virtualenv.py","lineno":147}
{"timestamp":"2026-03-10T17:57:52.241521Z","level":"info","event":"Output:","logger":"airflow.providers.standard.utils.python_virtualenv","filename":"python_virtualenv.py","lineno":157}
{"timestamp":"2026-03-10T17:57:52.294506Z","level":"info","event":"Using CPython 3.12.12 interpreter at: /usr/python/bin/python","logger":"airflow.providers.standard.utils.python_virtualenv","filename":"python_virtualenv.py","lineno":161}
{"timestamp":"2026-03-10T17:57:52.294739Z","level":"info","event":"Creating virtual environment with seed packages at: /tmp/venv0nxa77r0","logger":"airflow.providers.standard.utils.python_virtualenv","filename":"python_virtualenv.py","lineno":161}
{"timestamp":"2026-03-10T17:57:52.314315Z","level":"info","event":" + pip==26.0.1","logger":"airflow.providers.standard.utils.python_virtualenv","filename":"python_virtualenv.py","lineno":161}
{"timestamp":"2026-03-10T17:57:52.317306Z","level":"info","event":"Executing cmd: uv pip install --python /tmp/venv0nxa77r0/bin/python -r /tmp/venv0nxa77r0/requirements.txt","logger":"airflow.providers.standard.utils.python_virtualenv","filename":"python_virtualenv.py","lineno":147}
{"timestamp":"2026-03-10T17:57:52.317928Z","level":"info","event":"Output:","logger":"airflow.providers.standard.utils.python_virtualenv","filename":"python_virtualenv.py","lineno":157}
{"timestamp":"2026-03-10T17:57:52.401147Z","level":"info","event":"Using Python 3.12.12 environment at: /tmp/venv0nxa77r0","logger":"airflow.providers.standard.utils.python_virtualenv","filename":"python_virtualenv.py","lineno":161}
{"timestamp":"2026-03-10T17:57:52.413540Z","level":"info","event":"Resolved 18 packages in 11ms","logger":"airflow.providers.standard.utils.python_virtualenv","filename":"python_virtualenv.py","lineno":161}
{"timestamp":"2026-03-10T17:57:52.503320Z","level":"info","event":"Installed 18 packages in 88ms","logger":"airflow.providers.standard.utils.python_virtualenv","filename":"python_virtualenv.py","lineno":161}
{"timestamp":"2026-03-10T17:57:52.503767Z","level":"info","event":" + catboost==1.2.10","logger":"airflow.providers.standard.utils.python_virtualenv","filename":"python_virtualenv.py","lineno":161}
{"timestamp":"2026-03-10T17:57:52.504033Z","level":"info","event":" + contourpy==1.3.3","logger":"airflow.providers.standard.utils.python_virtualenv","filename":"python_virtualenv.py","lineno":161}
{"timestamp":"2026-03-10T17:57:52.504240Z","level":"info","event":" + cycler==0.12.1","logger":"airflow.providers.standard.utils.python_virtualenv","filename":"python_virtualenv.py","lineno":161}
{"timestamp":"2026-03-10T17:57:52.504435Z","level":"info","event":" + fonttools==4.62.0","logger":"airflow.providers.standard.utils.python_virtualenv","filename":"python_virtualenv.py","lineno":161}
{"timestamp":"2026-03-10T17:57:52.504637Z","level":"info","event":" + graphviz==0.21","logger":"airflow.providers.standard.utils.python_virtualenv","filename":"python_virtualenv.py","lineno":161}
{"timestamp":"2026-03-10T17:57:52.504830Z","level":"info","event":" + joblib==1.5.3","logger":"airflow.providers.standard.utils.python_virtualenv","filename":"python_virtualenv.py","lineno":161}
{"timestamp":"2026-03-10T17:57:52.505039Z","level":"info","event":" + kiwisolver==1.5.0","logger":"airflow.providers.standard.utils.python_virtualenv","filename":"python_virtualenv.py","lineno":161}
{"timestamp":"2026-03-10T17:57:52.505238Z","level":"info","event":" + matplotlib==3.10.8","logger":"airflow.providers.standard.utils.python_virtualenv","filename":"python_virtualenv.py","lineno":161}
{"timestamp":"2026-03-10T17:57:52.505436Z","level":"info","event":" + narwhals==2.18.0","logger":"airflow.providers.standard.utils.python_virtualenv","filename":"python_virtualenv.py","lineno":161}
{"timestamp":"2026-03-10T17:57:52.505628Z","level":"info","event":" + numpy==2.4.3","logger":"airflow.providers.standard.utils.python_virtualenv","filename":"python_virtualenv.py","lineno":161}
{"timestamp":"2026-03-10T17:57:52.505825Z","level":"info","event":" + packaging==26.0","logger":"airflow.providers.standard.utils.python_virtualenv","filename":"python_virtualenv.py","lineno":161}
{"timestamp":"2026-03-10T17:57:52.506026Z","level":"info","event":" + pandas==3.0.1","logger":"airflow.providers.standard.utils.python_virtualenv","filename":"python_virtualenv.py","lineno":161}
{"timestamp":"2026-03-10T17:57:52.507372Z","level":"info","event":" + pillow==12.1.1","logger":"airflow.providers.standard.utils.python_virtualenv","filename":"python_virtualenv.py","lineno":161}
{"timestamp":"2026-03-10T17:57:52.510476Z","level":"info","event":" + plotly==6.6.0","logger":"airflow.providers.standard.utils.python_virtualenv","filename":"python_virtualenv.py","lineno":161}
{"timestamp":"2026-03-10T17:57:52.510745Z","level":"info","event":" + pyparsing==3.3.2","logger":"airflow.providers.standard.utils.python_virtualenv","filename":"python_virtualenv.py","lineno":161}
{"timestamp":"2026-03-10T17:57:52.510975Z","level":"info","event":" + python-dateutil==2.9.0.post0","logger":"airflow.providers.standard.utils.python_virtualenv","filename":"python_virtualenv.py","lineno":161}
{"timestamp":"2026-03-10T17:57:52.511172Z","level":"info","event":" + scipy==1.17.1","logger":"airflow.providers.standard.utils.python_virtualenv","filename":"python_virtualenv.py","lineno":161}
{"timestamp":"2026-03-10T17:57:52.511368Z","level":"info","event":" + six==1.17.0","logger":"airflow.providers.standard.utils.python_virtualenv","filename":"python_virtualenv.py","lineno":161}
{"timestamp":"2026-03-10T17:57:52.543150Z","level":"info","event":"Executing cmd: /tmp/venv0nxa77r0/bin/python /tmp/venv-callpsildeog/script.py /tmp/venv-callpsildeog/script.in /tmp/venv-callpsildeog/script.out /tmp/venv-callpsildeog/string_args.txt /tmp/venv-callpsildeog/termination.log /tmp/venv-callpsildeog/airflow_context.json","logger":"airflow.providers.standard.utils.python_virtualenv","filename":"python_virtualenv.py","lineno":147}
{"timestamp":"2026-03-10T17:57:52.544054Z","level":"info","event":"Output:","logger":"airflow.providers.standard.utils.python_virtualenv","filename":"python_virtualenv.py","lineno":157}
{"timestamp":"2026-03-10T17:57:56.326959Z","level":"warning","event":"Fail to delete /opt/airflow/tmp/venv0nxa77r0. The directory does not exist.","logger":"airflow.task.operators.airflow.providers.standard.decorators.python_virtualenv._PythonVirtualenvDecoratedOperator","filename":"python.py","lineno":954}
{"timestamp":"2026-03-10T17:57:56.582739Z","level":"info","event":"Done. Returned value was: None","logger":"airflow.task.operators.airflow.providers.standard.decorators.python_virtualenv._PythonVirtualenvDecoratedOperator","filename":"python.py","lineno":230}
{"timestamp":"2026-03-10T17:57:56.604846Z","level":"info","event":"Task instance in success state","logger":"task.stdout"}
{"timestamp":"2026-03-10T17:57:56.605005Z","level":"info","event":" Previous state of the Task instance: TaskInstanceState.RUNNING","logger":"task.stdout"}
{"timestamp":"2026-03-10T17:57:56.605185Z","level":"info","event":"Task operator:<Task(_PythonVirtualenvDecoratedOperator): virtualenv_python>","logger":"task.stdout"}
