{"timestamp":"2026-03-10T17:38:05.489093Z","level":"info","event":"DAG bundles loaded: dags-folder, example_dags","logger":"airflow.dag_processing.bundles.manager.DagBundlesManager","filename":"manager.py","lineno":179}
{"timestamp":"2026-03-10T17:38:05.490048Z","level":"info","event":"Filling up the DagBag from /opt/airflow/dags/delivery-scoring.py","logger":"airflow.models.dagbag.BundleDagBag","filename":"dagbag.py","lineno":593}
{"timestamp":"2026-03-10T17:38:05.563221Z","level":"info","event":"Task instance is in running state","logger":"task.stdout"}
{"timestamp":"2026-03-10T17:38:05.563421Z","level":"info","event":" Previous state of the Task instance: TaskInstanceState.QUEUED","logger":"task.stdout"}
{"timestamp":"2026-03-10T17:38:05.563707Z","level":"info","event":"Current task name:virtualenv_python","logger":"task.stdout"}
{"timestamp":"2026-03-10T17:38:05.563847Z","level":"info","event":"Dag name:sim-ds-basic-pipeline","logger":"task.stdout"}
{"timestamp":"2026-03-10T17:38:05.565871Z","level":"info","event":"Executing cmd: uv venv --allow-existing --seed --python python /tmp/venvb2ggq86y","logger":"airflow.providers.standard.utils.python_virtualenv","filename":"python_virtualenv.py","lineno":147}
{"timestamp":"2026-03-10T17:38:05.566753Z","level":"info","event":"Output:","logger":"airflow.providers.standard.utils.python_virtualenv","filename":"python_virtualenv.py","lineno":157}
{"timestamp":"2026-03-10T17:38:05.629710Z","level":"info","event":"Using CPython 3.12.12 interpreter at: /usr/python/bin/python","logger":"airflow.providers.standard.utils.python_virtualenv","filename":"python_virtualenv.py","lineno":161}
{"timestamp":"2026-03-10T17:38:05.630079Z","level":"info","event":"Creating virtual environment with seed packages at: /tmp/venvb2ggq86y","logger":"airflow.providers.standard.utils.python_virtualenv","filename":"python_virtualenv.py","lineno":161}
{"timestamp":"2026-03-10T17:38:05.855938Z","level":"info","event":" + pip==26.0.1","logger":"airflow.providers.standard.utils.python_virtualenv","filename":"python_virtualenv.py","lineno":161}
{"timestamp":"2026-03-10T17:38:05.859463Z","level":"info","event":"Executing cmd: uv pip install --python /tmp/venvb2ggq86y/bin/python -r /tmp/venvb2ggq86y/requirements.txt","logger":"airflow.providers.standard.utils.python_virtualenv","filename":"python_virtualenv.py","lineno":147}
{"timestamp":"2026-03-10T17:38:05.860144Z","level":"info","event":"Output:","logger":"airflow.providers.standard.utils.python_virtualenv","filename":"python_virtualenv.py","lineno":157}
{"timestamp":"2026-03-10T17:38:05.964526Z","level":"info","event":"Using Python 3.12.12 environment at: /tmp/venvb2ggq86y","logger":"airflow.providers.standard.utils.python_virtualenv","filename":"python_virtualenv.py","lineno":161}
{"timestamp":"2026-03-10T17:38:05.996430Z","level":"info","event":"Resolved 17 packages in 29ms","logger":"airflow.providers.standard.utils.python_virtualenv","filename":"python_virtualenv.py","lineno":161}
{"timestamp":"2026-03-10T17:38:06.156900Z","level":"info","event":"Installed 17 packages in 158ms","logger":"airflow.providers.standard.utils.python_virtualenv","filename":"python_virtualenv.py","lineno":161}
{"timestamp":"2026-03-10T17:38:06.158150Z","level":"info","event":" + catboost==1.2.10","logger":"airflow.providers.standard.utils.python_virtualenv","filename":"python_virtualenv.py","lineno":161}
{"timestamp":"2026-03-10T17:38:06.158402Z","level":"info","event":" + contourpy==1.3.3","logger":"airflow.providers.standard.utils.python_virtualenv","filename":"python_virtualenv.py","lineno":161}
{"timestamp":"2026-03-10T17:38:06.159247Z","level":"info","event":" + cycler==0.12.1","logger":"airflow.providers.standard.utils.python_virtualenv","filename":"python_virtualenv.py","lineno":161}
{"timestamp":"2026-03-10T17:38:06.159464Z","level":"info","event":" + fonttools==4.62.0","logger":"airflow.providers.standard.utils.python_virtualenv","filename":"python_virtualenv.py","lineno":161}
{"timestamp":"2026-03-10T17:38:06.159650Z","level":"info","event":" + graphviz==0.21","logger":"airflow.providers.standard.utils.python_virtualenv","filename":"python_virtualenv.py","lineno":161}
{"timestamp":"2026-03-10T17:38:06.159846Z","level":"info","event":" + kiwisolver==1.5.0","logger":"airflow.providers.standard.utils.python_virtualenv","filename":"python_virtualenv.py","lineno":161}
{"timestamp":"2026-03-10T17:38:06.161292Z","level":"info","event":" + matplotlib==3.10.8","logger":"airflow.providers.standard.utils.python_virtualenv","filename":"python_virtualenv.py","lineno":161}
{"timestamp":"2026-03-10T17:38:06.161544Z","level":"info","event":" + narwhals==2.18.0","logger":"airflow.providers.standard.utils.python_virtualenv","filename":"python_virtualenv.py","lineno":161}
{"timestamp":"2026-03-10T17:38:06.161734Z","level":"info","event":" + numpy==2.4.3","logger":"airflow.providers.standard.utils.python_virtualenv","filename":"python_virtualenv.py","lineno":161}
{"timestamp":"2026-03-10T17:38:06.161932Z","level":"info","event":" + packaging==26.0","logger":"airflow.providers.standard.utils.python_virtualenv","filename":"python_virtualenv.py","lineno":161}
{"timestamp":"2026-03-10T17:38:06.162121Z","level":"info","event":" + pandas==3.0.1","logger":"airflow.providers.standard.utils.python_virtualenv","filename":"python_virtualenv.py","lineno":161}
{"timestamp":"2026-03-10T17:38:06.162301Z","level":"info","event":" + pillow==12.1.1","logger":"airflow.providers.standard.utils.python_virtualenv","filename":"python_virtualenv.py","lineno":161}
{"timestamp":"2026-03-10T17:38:06.162477Z","level":"info","event":" + plotly==6.6.0","logger":"airflow.providers.standard.utils.python_virtualenv","filename":"python_virtualenv.py","lineno":161}
{"timestamp":"2026-03-10T17:38:06.162664Z","level":"info","event":" + pyparsing==3.3.2","logger":"airflow.providers.standard.utils.python_virtualenv","filename":"python_virtualenv.py","lineno":161}
{"timestamp":"2026-03-10T17:38:06.165066Z","level":"info","event":" + python-dateutil==2.9.0.post0","logger":"airflow.providers.standard.utils.python_virtualenv","filename":"python_virtualenv.py","lineno":161}
{"timestamp":"2026-03-10T17:38:06.165277Z","level":"info","event":" + scipy==1.17.1","logger":"airflow.providers.standard.utils.python_virtualenv","filename":"python_virtualenv.py","lineno":161}
{"timestamp":"2026-03-10T17:38:06.165450Z","level":"info","event":" + six==1.17.0","logger":"airflow.providers.standard.utils.python_virtualenv","filename":"python_virtualenv.py","lineno":161}
{"timestamp":"2026-03-10T17:38:06.197396Z","level":"info","event":"Executing cmd: /tmp/venvb2ggq86y/bin/python /tmp/venv-call50ijgvn9/script.py /tmp/venv-call50ijgvn9/script.in /tmp/venv-call50ijgvn9/script.out /tmp/venv-call50ijgvn9/string_args.txt /tmp/venv-call50ijgvn9/termination.log /tmp/venv-call50ijgvn9/airflow_context.json","logger":"airflow.providers.standard.utils.python_virtualenv","filename":"python_virtualenv.py","lineno":147}
{"timestamp":"2026-03-10T17:38:06.198137Z","level":"info","event":"Output:","logger":"airflow.providers.standard.utils.python_virtualenv","filename":"python_virtualenv.py","lineno":157}
{"timestamp":"2026-03-10T17:38:10.085405Z","level":"info","event":"Traceback (most recent call last):","logger":"airflow.providers.standard.utils.python_virtualenv","filename":"python_virtualenv.py","lineno":161}
{"timestamp":"2026-03-10T17:38:10.085704Z","level":"info","event":"  File \"/tmp/venv-call50ijgvn9/script.py\", line 61, in <module>","logger":"airflow.providers.standard.utils.python_virtualenv","filename":"python_virtualenv.py","lineno":161}
{"timestamp":"2026-03-10T17:38:10.085885Z","level":"info","event":"    res = make_prediction(*arg_dict[\"args\"], **arg_dict[\"kwargs\"])","logger":"airflow.providers.standard.utils.python_virtualenv","filename":"python_virtualenv.py","lineno":161}
{"timestamp":"2026-03-10T17:38:10.086082Z","level":"info","event":"          ^^^^^^^^^^^^^^^^^^^^^^^^^^^^^^^^^^^^^^^^^^^^^^^^^^^^^^^^","logger":"airflow.providers.standard.utils.python_virtualenv","filename":"python_virtualenv.py","lineno":161}
{"timestamp":"2026-03-10T17:38:10.086330Z","level":"info","event":"  File \"/tmp/venv-call50ijgvn9/script.py\", line 35, in make_prediction","logger":"airflow.providers.standard.utils.python_virtualenv","filename":"python_virtualenv.py","lineno":161}
{"timestamp":"2026-03-10T17:38:10.086521Z","level":"info","event":"    import joblib","logger":"airflow.providers.standard.utils.python_virtualenv","filename":"python_virtualenv.py","lineno":161}
{"timestamp":"2026-03-10T17:38:10.086670Z","level":"info","event":"ModuleNotFoundError: No module named 'joblib'","logger":"airflow.providers.standard.utils.python_virtualenv","filename":"python_virtualenv.py","lineno":161}
{"timestamp":"2026-03-10T17:38:10.429281Z","level":"error","event":"Task failed with exception","logger":"task","filename":"task_runner.py","lineno":1120,"error_detail":[{"exc_type":"AirflowException","exc_value":"Process returned non-zero exit status 1.\nNo module named 'joblib'","exc_notes":[],"syntax_error":null,"is_cause":false,"frames":[{"filename":"/home/airflow/.local/lib/python3.12/site-packages/airflow/sdk/execution_time/task_runner.py","lineno":1068,"name":"run"},{"filename":"/home/airflow/.local/lib/python3.12/site-packages/airflow/sdk/execution_time/task_runner.py","lineno":1477,"name":"_execute_task"},{"filename":"/home/airflow/.local/lib/python3.12/site-packages/airflow/sdk/bases/operator.py","lineno":417,"name":"wrapper"},{"filename":"/home/airflow/.local/lib/python3.12/site-packages/airflow/sdk/bases/decorator.py","lineno":252,"name":"execute"},{"filename":"/home/airflow/.local/lib/python3.12/site-packages/airflow/sdk/bases/operator.py","lineno":417,"name":"wrapper"},{"filename":"/home/airflow/.local/lib/python3.12/site-packages/airflow/providers/standard/operators/python.py","lineno":546,"name":"execute"},{"filename":"/home/airflow/.local/lib/python3.12/site-packages/airflow/sdk/bases/operator.py","lineno":417,"name":"wrapper"},{"filename":"/home/airflow/.local/lib/python3.12/site-packages/airflow/providers/standard/operators/python.py","lineno":228,"name":"execute"},{"filename":"/home/airflow/.local/lib/python3.12/site-packages/airflow/providers/standard/operators/python.py","lineno":982,"name":"execute_callable"},{"filename":"/home/airflow/.local/lib/python3.12/site-packages/airflow/providers/standard/operators/python.py","lineno":674,"name":"_execute_python_callable_in_subprocess"}],"is_group":false,"exceptions":[]}]}
{"timestamp":"2026-03-10T17:38:10.430814Z","level":"info","event":"Task instance in failure state","logger":"task.stdout"}
{"timestamp":"2026-03-10T17:38:10.431334Z","level":"info","event":"Task start","logger":"task.stdout"}
{"timestamp":"2026-03-10T17:38:10.431587Z","level":"info","event":"Task:<Task(_PythonVirtualenvDecoratedOperator): virtualenv_python>","logger":"task.stdout"}
{"timestamp":"2026-03-10T17:38:10.431731Z","level":"info","event":"Failure caused by Process returned non-zero exit status 1.","logger":"task.stdout"}
{"timestamp":"2026-03-10T17:38:10.431857Z","level":"info","event":"No module named 'joblib'","logger":"task.stdout"}
