{"timestamp":"2026-03-10T17:41:57.779944Z","level":"info","event":"DAG bundles loaded: dags-folder, example_dags","logger":"airflow.dag_processing.bundles.manager.DagBundlesManager","filename":"manager.py","lineno":179}
{"timestamp":"2026-03-10T17:41:57.780664Z","level":"info","event":"Filling up the DagBag from /opt/airflow/dags/delivery-scoring.py","logger":"airflow.models.dagbag.BundleDagBag","filename":"dagbag.py","lineno":593}
{"timestamp":"2026-03-10T17:41:57.847190Z","level":"info","event":"Task instance is in running state","logger":"task.stdout"}
{"timestamp":"2026-03-10T17:41:57.847342Z","level":"info","event":" Previous state of the Task instance: TaskInstanceState.QUEUED","logger":"task.stdout"}
{"timestamp":"2026-03-10T17:41:57.847673Z","level":"info","event":"Current task name:virtualenv_python","logger":"task.stdout"}
{"timestamp":"2026-03-10T17:41:57.847762Z","level":"info","event":"Dag name:sim-ds-basic-pipeline","logger":"task.stdout"}
{"timestamp":"2026-03-10T17:41:57.849960Z","level":"info","event":"Executing cmd: uv venv --allow-existing --seed --python python /tmp/venv4ipi8xrc","logger":"airflow.providers.standard.utils.python_virtualenv","filename":"python_virtualenv.py","lineno":147}
{"timestamp":"2026-03-10T17:41:57.850958Z","level":"info","event":"Output:","logger":"airflow.providers.standard.utils.python_virtualenv","filename":"python_virtualenv.py","lineno":157}
{"timestamp":"2026-03-10T17:41:57.903102Z","level":"info","event":"Using CPython 3.12.12 interpreter at: /usr/python/bin/python","logger":"airflow.providers.standard.utils.python_virtualenv","filename":"python_virtualenv.py","lineno":161}
{"timestamp":"2026-03-10T17:41:57.903334Z","level":"info","event":"Creating virtual environment with seed packages at: /tmp/venv4ipi8xrc","logger":"airflow.providers.standard.utils.python_virtualenv","filename":"python_virtualenv.py","lineno":161}
{"timestamp":"2026-03-10T17:41:57.921399Z","level":"info","event":" + pip==26.0.1","logger":"airflow.providers.standard.utils.python_virtualenv","filename":"python_virtualenv.py","lineno":161}
{"timestamp":"2026-03-10T17:41:57.924294Z","level":"info","event":"Executing cmd: uv pip install --python /tmp/venv4ipi8xrc/bin/python -r /tmp/venv4ipi8xrc/requirements.txt","logger":"airflow.providers.standard.utils.python_virtualenv","filename":"python_virtualenv.py","lineno":147}
{"timestamp":"2026-03-10T17:41:57.924931Z","level":"info","event":"Output:","logger":"airflow.providers.standard.utils.python_virtualenv","filename":"python_virtualenv.py","lineno":157}
{"timestamp":"2026-03-10T17:41:58.015675Z","level":"info","event":"Using Python 3.12.12 environment at: /tmp/venv4ipi8xrc","logger":"airflow.providers.standard.utils.python_virtualenv","filename":"python_virtualenv.py","lineno":161}
{"timestamp":"2026-03-10T17:41:58.027238Z","level":"info","event":"Resolved 18 packages in 10ms","logger":"airflow.providers.standard.utils.python_virtualenv","filename":"python_virtualenv.py","lineno":161}
{"timestamp":"2026-03-10T17:41:58.099065Z","level":"info","event":"Installed 18 packages in 70ms","logger":"airflow.providers.standard.utils.python_virtualenv","filename":"python_virtualenv.py","lineno":161}
{"timestamp":"2026-03-10T17:41:58.099346Z","level":"info","event":" + catboost==1.2.10","logger":"airflow.providers.standard.utils.python_virtualenv","filename":"python_virtualenv.py","lineno":161}
{"timestamp":"2026-03-10T17:41:58.099564Z","level":"info","event":" + contourpy==1.3.3","logger":"airflow.providers.standard.utils.python_virtualenv","filename":"python_virtualenv.py","lineno":161}
{"timestamp":"2026-03-10T17:41:58.099757Z","level":"info","event":" + cycler==0.12.1","logger":"airflow.providers.standard.utils.python_virtualenv","filename":"python_virtualenv.py","lineno":161}
{"timestamp":"2026-03-10T17:41:58.099964Z","level":"info","event":" + fonttools==4.62.0","logger":"airflow.providers.standard.utils.python_virtualenv","filename":"python_virtualenv.py","lineno":161}
{"timestamp":"2026-03-10T17:41:58.100139Z","level":"info","event":" + graphviz==0.21","logger":"airflow.providers.standard.utils.python_virtualenv","filename":"python_virtualenv.py","lineno":161}
{"timestamp":"2026-03-10T17:41:58.100279Z","level":"info","event":" + joblib==1.5.3","logger":"airflow.providers.standard.utils.python_virtualenv","filename":"python_virtualenv.py","lineno":161}
{"timestamp":"2026-03-10T17:41:58.100452Z","level":"info","event":" + kiwisolver==1.5.0","logger":"airflow.providers.standard.utils.python_virtualenv","filename":"python_virtualenv.py","lineno":161}
{"timestamp":"2026-03-10T17:41:58.100638Z","level":"info","event":" + matplotlib==3.10.8","logger":"airflow.providers.standard.utils.python_virtualenv","filename":"python_virtualenv.py","lineno":161}
{"timestamp":"2026-03-10T17:41:58.100820Z","level":"info","event":" + narwhals==2.18.0","logger":"airflow.providers.standard.utils.python_virtualenv","filename":"python_virtualenv.py","lineno":161}
{"timestamp":"2026-03-10T17:41:58.101007Z","level":"info","event":" + numpy==2.4.3","logger":"airflow.providers.standard.utils.python_virtualenv","filename":"python_virtualenv.py","lineno":161}
{"timestamp":"2026-03-10T17:41:58.101186Z","level":"info","event":" + packaging==26.0","logger":"airflow.providers.standard.utils.python_virtualenv","filename":"python_virtualenv.py","lineno":161}
{"timestamp":"2026-03-10T17:41:58.101365Z","level":"info","event":" + pandas==3.0.1","logger":"airflow.providers.standard.utils.python_virtualenv","filename":"python_virtualenv.py","lineno":161}
{"timestamp":"2026-03-10T17:41:58.101544Z","level":"info","event":" + pillow==12.1.1","logger":"airflow.providers.standard.utils.python_virtualenv","filename":"python_virtualenv.py","lineno":161}
{"timestamp":"2026-03-10T17:41:58.101778Z","level":"info","event":" + plotly==6.6.0","logger":"airflow.providers.standard.utils.python_virtualenv","filename":"python_virtualenv.py","lineno":161}
{"timestamp":"2026-03-10T17:41:58.101984Z","level":"info","event":" + pyparsing==3.3.2","logger":"airflow.providers.standard.utils.python_virtualenv","filename":"python_virtualenv.py","lineno":161}
{"timestamp":"2026-03-10T17:41:58.102168Z","level":"info","event":" + python-dateutil==2.9.0.post0","logger":"airflow.providers.standard.utils.python_virtualenv","filename":"python_virtualenv.py","lineno":161}
{"timestamp":"2026-03-10T17:41:58.102329Z","level":"info","event":" + scipy==1.17.1","logger":"airflow.providers.standard.utils.python_virtualenv","filename":"python_virtualenv.py","lineno":161}
{"timestamp":"2026-03-10T17:41:58.102485Z","level":"info","event":" + six==1.17.0","logger":"airflow.providers.standard.utils.python_virtualenv","filename":"python_virtualenv.py","lineno":161}
{"timestamp":"2026-03-10T17:41:58.122242Z","level":"info","event":"Executing cmd: /tmp/venv4ipi8xrc/bin/python /tmp/venv-call5zrd2jrw/script.py /tmp/venv-call5zrd2jrw/script.in /tmp/venv-call5zrd2jrw/script.out /tmp/venv-call5zrd2jrw/string_args.txt /tmp/venv-call5zrd2jrw/termination.log /tmp/venv-call5zrd2jrw/airflow_context.json","logger":"airflow.providers.standard.utils.python_virtualenv","filename":"python_virtualenv.py","lineno":147}
{"timestamp":"2026-03-10T17:41:58.122771Z","level":"info","event":"Output:","logger":"airflow.providers.standard.utils.python_virtualenv","filename":"python_virtualenv.py","lineno":157}
{"timestamp":"2026-03-10T17:42:01.103330Z","level":"info","event":"Traceback (most recent call last):","logger":"airflow.providers.standard.utils.python_virtualenv","filename":"python_virtualenv.py","lineno":161}
{"timestamp":"2026-03-10T17:42:01.103654Z","level":"info","event":"  File \"/tmp/venv-call5zrd2jrw/script.py\", line 61, in <module>","logger":"airflow.providers.standard.utils.python_virtualenv","filename":"python_virtualenv.py","lineno":161}
{"timestamp":"2026-03-10T17:42:01.103956Z","level":"info","event":"    res = make_prediction(*arg_dict[\"args\"], **arg_dict[\"kwargs\"])","logger":"airflow.providers.standard.utils.python_virtualenv","filename":"python_virtualenv.py","lineno":161}
{"timestamp":"2026-03-10T17:42:01.104236Z","level":"info","event":"          ^^^^^^^^^^^^^^^^^^^^^^^^^^^^^^^^^^^^^^^^^^^^^^^^^^^^^^^^","logger":"airflow.providers.standard.utils.python_virtualenv","filename":"python_virtualenv.py","lineno":161}
{"timestamp":"2026-03-10T17:42:01.104515Z","level":"info","event":"  File \"/tmp/venv-call5zrd2jrw/script.py\", line 38, in make_prediction","logger":"airflow.providers.standard.utils.python_virtualenv","filename":"python_virtualenv.py","lineno":161}
{"timestamp":"2026-03-10T17:42:01.104774Z","level":"info","event":"    df = pd.read_csv(DATA_PATH / 'output' / 'processed.csv')","logger":"airflow.providers.standard.utils.python_virtualenv","filename":"python_virtualenv.py","lineno":161}
{"timestamp":"2026-03-10T17:42:01.104995Z","level":"info","event":"                     ^^^^^^^^^","logger":"airflow.providers.standard.utils.python_virtualenv","filename":"python_virtualenv.py","lineno":161}
{"timestamp":"2026-03-10T17:42:01.105223Z","level":"info","event":"NameError: name 'DATA_PATH' is not defined","logger":"airflow.providers.standard.utils.python_virtualenv","filename":"python_virtualenv.py","lineno":161}
{"timestamp":"2026-03-10T17:42:01.399163Z","level":"error","event":"Task failed with exception","logger":"task","filename":"task_runner.py","lineno":1120,"error_detail":[{"exc_type":"AirflowException","exc_value":"Process returned non-zero exit status 1.\nname 'DATA_PATH' is not defined","exc_notes":[],"syntax_error":null,"is_cause":false,"frames":[{"filename":"/home/airflow/.local/lib/python3.12/site-packages/airflow/sdk/execution_time/task_runner.py","lineno":1068,"name":"run"},{"filename":"/home/airflow/.local/lib/python3.12/site-packages/airflow/sdk/execution_time/task_runner.py","lineno":1477,"name":"_execute_task"},{"filename":"/home/airflow/.local/lib/python3.12/site-packages/airflow/sdk/bases/operator.py","lineno":417,"name":"wrapper"},{"filename":"/home/airflow/.local/lib/python3.12/site-packages/airflow/sdk/bases/decorator.py","lineno":252,"name":"execute"},{"filename":"/home/airflow/.local/lib/python3.12/site-packages/airflow/sdk/bases/operator.py","lineno":417,"name":"wrapper"},{"filename":"/home/airflow/.local/lib/python3.12/site-packages/airflow/providers/standard/operators/python.py","lineno":546,"name":"execute"},{"filename":"/home/airflow/.local/lib/python3.12/site-packages/airflow/sdk/bases/operator.py","lineno":417,"name":"wrapper"},{"filename":"/home/airflow/.local/lib/python3.12/site-packages/airflow/providers/standard/operators/python.py","lineno":228,"name":"execute"},{"filename":"/home/airflow/.local/lib/python3.12/site-packages/airflow/providers/standard/operators/python.py","lineno":982,"name":"execute_callable"},{"filename":"/home/airflow/.local/lib/python3.12/site-packages/airflow/providers/standard/operators/python.py","lineno":674,"name":"_execute_python_callable_in_subprocess"}],"is_group":false,"exceptions":[]}]}
{"timestamp":"2026-03-10T17:42:01.400339Z","level":"info","event":"Task instance in failure state","logger":"task.stdout"}
{"timestamp":"2026-03-10T17:42:01.400699Z","level":"info","event":"Task start","logger":"task.stdout"}
{"timestamp":"2026-03-10T17:42:01.400921Z","level":"info","event":"Task:<Task(_PythonVirtualenvDecoratedOperator): virtualenv_python>","logger":"task.stdout"}
{"timestamp":"2026-03-10T17:42:01.401021Z","level":"info","event":"Failure caused by Process returned non-zero exit status 1.","logger":"task.stdout"}
{"timestamp":"2026-03-10T17:42:01.401095Z","level":"info","event":"name 'DATA_PATH' is not defined","logger":"task.stdout"}
