{"timestamp":"2026-03-10T17:41:12.908977Z","level":"info","event":"DAG bundles loaded: dags-folder, example_dags","logger":"airflow.dag_processing.bundles.manager.DagBundlesManager","filename":"manager.py","lineno":179}
{"timestamp":"2026-03-10T17:41:12.909671Z","level":"info","event":"Filling up the DagBag from /opt/airflow/dags/delivery-scoring.py","logger":"airflow.models.dagbag.BundleDagBag","filename":"dagbag.py","lineno":593}
{"timestamp":"2026-03-10T17:41:12.989939Z","level":"info","event":"Task instance is in running state","logger":"task.stdout"}
{"timestamp":"2026-03-10T17:41:12.990180Z","level":"info","event":" Previous state of the Task instance: TaskInstanceState.QUEUED","logger":"task.stdout"}
{"timestamp":"2026-03-10T17:41:12.990435Z","level":"info","event":"Current task name:virtualenv_python","logger":"task.stdout"}
{"timestamp":"2026-03-10T17:41:12.990574Z","level":"info","event":"Dag name:sim-ds-basic-pipeline","logger":"task.stdout"}
{"timestamp":"2026-03-10T17:41:12.993301Z","level":"info","event":"Executing cmd: uv venv --allow-existing --seed --python python /tmp/venvty21ijzr","logger":"airflow.providers.standard.utils.python_virtualenv","filename":"python_virtualenv.py","lineno":147}
{"timestamp":"2026-03-10T17:41:12.994453Z","level":"info","event":"Output:","logger":"airflow.providers.standard.utils.python_virtualenv","filename":"python_virtualenv.py","lineno":157}
{"timestamp":"2026-03-10T17:41:13.078579Z","level":"info","event":"Using CPython 3.12.12 interpreter at: /usr/python/bin/python","logger":"airflow.providers.standard.utils.python_virtualenv","filename":"python_virtualenv.py","lineno":161}
{"timestamp":"2026-03-10T17:41:13.078959Z","level":"info","event":"Creating virtual environment with seed packages at: /tmp/venvty21ijzr","logger":"airflow.providers.standard.utils.python_virtualenv","filename":"python_virtualenv.py","lineno":161}
{"timestamp":"2026-03-10T17:41:13.109397Z","level":"info","event":" + pip==26.0.1","logger":"airflow.providers.standard.utils.python_virtualenv","filename":"python_virtualenv.py","lineno":161}
{"timestamp":"2026-03-10T17:41:13.113781Z","level":"info","event":"Executing cmd: uv pip install --python /tmp/venvty21ijzr/bin/python -r /tmp/venvty21ijzr/requirements.txt","logger":"airflow.providers.standard.utils.python_virtualenv","filename":"python_virtualenv.py","lineno":147}
{"timestamp":"2026-03-10T17:41:13.114770Z","level":"info","event":"Output:","logger":"airflow.providers.standard.utils.python_virtualenv","filename":"python_virtualenv.py","lineno":157}
{"timestamp":"2026-03-10T17:41:13.209834Z","level":"info","event":"Using Python 3.12.12 environment at: /tmp/venvty21ijzr","logger":"airflow.providers.standard.utils.python_virtualenv","filename":"python_virtualenv.py","lineno":161}
{"timestamp":"2026-03-10T17:41:14.901242Z","level":"info","event":"Resolved 18 packages in 1.69s","logger":"airflow.providers.standard.utils.python_virtualenv","filename":"python_virtualenv.py","lineno":161}
{"timestamp":"2026-03-10T17:41:16.728078Z","level":"info","event":"Prepared 1 package in 1.82s","logger":"airflow.providers.standard.utils.python_virtualenv","filename":"python_virtualenv.py","lineno":161}
{"timestamp":"2026-03-10T17:41:16.817075Z","level":"info","event":"Installed 18 packages in 86ms","logger":"airflow.providers.standard.utils.python_virtualenv","filename":"python_virtualenv.py","lineno":161}
{"timestamp":"2026-03-10T17:41:16.817266Z","level":"info","event":" + catboost==1.2.10","logger":"airflow.providers.standard.utils.python_virtualenv","filename":"python_virtualenv.py","lineno":161}
{"timestamp":"2026-03-10T17:41:16.817435Z","level":"info","event":" + contourpy==1.3.3","logger":"airflow.providers.standard.utils.python_virtualenv","filename":"python_virtualenv.py","lineno":161}
{"timestamp":"2026-03-10T17:41:16.817585Z","level":"info","event":" + cycler==0.12.1","logger":"airflow.providers.standard.utils.python_virtualenv","filename":"python_virtualenv.py","lineno":161}
{"timestamp":"2026-03-10T17:41:16.817705Z","level":"info","event":" + fonttools==4.62.0","logger":"airflow.providers.standard.utils.python_virtualenv","filename":"python_virtualenv.py","lineno":161}
{"timestamp":"2026-03-10T17:41:16.817819Z","level":"info","event":" + graphviz==0.21","logger":"airflow.providers.standard.utils.python_virtualenv","filename":"python_virtualenv.py","lineno":161}
{"timestamp":"2026-03-10T17:41:16.817963Z","level":"info","event":" + joblib==1.5.3","logger":"airflow.providers.standard.utils.python_virtualenv","filename":"python_virtualenv.py","lineno":161}
{"timestamp":"2026-03-10T17:41:16.818132Z","level":"info","event":" + kiwisolver==1.5.0","logger":"airflow.providers.standard.utils.python_virtualenv","filename":"python_virtualenv.py","lineno":161}
{"timestamp":"2026-03-10T17:41:16.818305Z","level":"info","event":" + matplotlib==3.10.8","logger":"airflow.providers.standard.utils.python_virtualenv","filename":"python_virtualenv.py","lineno":161}
{"timestamp":"2026-03-10T17:41:16.818474Z","level":"info","event":" + narwhals==2.18.0","logger":"airflow.providers.standard.utils.python_virtualenv","filename":"python_virtualenv.py","lineno":161}
{"timestamp":"2026-03-10T17:41:16.818633Z","level":"info","event":" + numpy==2.4.3","logger":"airflow.providers.standard.utils.python_virtualenv","filename":"python_virtualenv.py","lineno":161}
{"timestamp":"2026-03-10T17:41:16.818756Z","level":"info","event":" + packaging==26.0","logger":"airflow.providers.standard.utils.python_virtualenv","filename":"python_virtualenv.py","lineno":161}
{"timestamp":"2026-03-10T17:41:16.818872Z","level":"info","event":" + pandas==3.0.1","logger":"airflow.providers.standard.utils.python_virtualenv","filename":"python_virtualenv.py","lineno":161}
{"timestamp":"2026-03-10T17:41:16.819042Z","level":"info","event":" + pillow==12.1.1","logger":"airflow.providers.standard.utils.python_virtualenv","filename":"python_virtualenv.py","lineno":161}
{"timestamp":"2026-03-10T17:41:16.819197Z","level":"info","event":" + plotly==6.6.0","logger":"airflow.providers.standard.utils.python_virtualenv","filename":"python_virtualenv.py","lineno":161}
{"timestamp":"2026-03-10T17:41:16.819354Z","level":"info","event":" + pyparsing==3.3.2","logger":"airflow.providers.standard.utils.python_virtualenv","filename":"python_virtualenv.py","lineno":161}
{"timestamp":"2026-03-10T17:41:16.819496Z","level":"info","event":" + python-dateutil==2.9.0.post0","logger":"airflow.providers.standard.utils.python_virtualenv","filename":"python_virtualenv.py","lineno":161}
{"timestamp":"2026-03-10T17:41:16.819610Z","level":"info","event":" + scipy==1.17.1","logger":"airflow.providers.standard.utils.python_virtualenv","filename":"python_virtualenv.py","lineno":161}
{"timestamp":"2026-03-10T17:41:16.819718Z","level":"info","event":" + six==1.17.0","logger":"airflow.providers.standard.utils.python_virtualenv","filename":"python_virtualenv.py","lineno":161}
{"timestamp":"2026-03-10T17:41:16.839307Z","level":"info","event":"Executing cmd: /tmp/venvty21ijzr/bin/python /tmp/venv-calli8lavzyo/script.py /tmp/venv-calli8lavzyo/script.in /tmp/venv-calli8lavzyo/script.out /tmp/venv-calli8lavzyo/string_args.txt /tmp/venv-calli8lavzyo/termination.log /tmp/venv-calli8lavzyo/airflow_context.json","logger":"airflow.providers.standard.utils.python_virtualenv","filename":"python_virtualenv.py","lineno":147}
{"timestamp":"2026-03-10T17:41:16.839841Z","level":"info","event":"Output:","logger":"airflow.providers.standard.utils.python_virtualenv","filename":"python_virtualenv.py","lineno":157}
{"timestamp":"2026-03-10T17:41:19.968658Z","level":"info","event":"Traceback (most recent call last):","logger":"airflow.providers.standard.utils.python_virtualenv","filename":"python_virtualenv.py","lineno":161}
{"timestamp":"2026-03-10T17:41:19.968944Z","level":"info","event":"  File \"/tmp/venv-calli8lavzyo/script.py\", line 61, in <module>","logger":"airflow.providers.standard.utils.python_virtualenv","filename":"python_virtualenv.py","lineno":161}
{"timestamp":"2026-03-10T17:41:19.969121Z","level":"info","event":"    res = make_prediction(*arg_dict[\"args\"], **arg_dict[\"kwargs\"])","logger":"airflow.providers.standard.utils.python_virtualenv","filename":"python_virtualenv.py","lineno":161}
{"timestamp":"2026-03-10T17:41:19.969348Z","level":"info","event":"          ^^^^^^^^^^^^^^^^^^^^^^^^^^^^^^^^^^^^^^^^^^^^^^^^^^^^^^^^","logger":"airflow.providers.standard.utils.python_virtualenv","filename":"python_virtualenv.py","lineno":161}
{"timestamp":"2026-03-10T17:41:19.969569Z","level":"info","event":"  File \"/tmp/venv-calli8lavzyo/script.py\", line 38, in make_prediction","logger":"airflow.providers.standard.utils.python_virtualenv","filename":"python_virtualenv.py","lineno":161}
{"timestamp":"2026-03-10T17:41:19.969838Z","level":"info","event":"    df = pd.read_csv(DATA_PATH / 'output' / 'processed.csv')","logger":"airflow.providers.standard.utils.python_virtualenv","filename":"python_virtualenv.py","lineno":161}
{"timestamp":"2026-03-10T17:41:19.970010Z","level":"info","event":"                     ^^^^^^^^^","logger":"airflow.providers.standard.utils.python_virtualenv","filename":"python_virtualenv.py","lineno":161}
{"timestamp":"2026-03-10T17:41:19.970151Z","level":"info","event":"NameError: name 'DATA_PATH' is not defined","logger":"airflow.providers.standard.utils.python_virtualenv","filename":"python_virtualenv.py","lineno":161}
{"timestamp":"2026-03-10T17:41:20.282600Z","level":"error","event":"Task failed with exception","logger":"task","filename":"task_runner.py","lineno":1120,"error_detail":[{"exc_type":"AirflowException","exc_value":"Process returned non-zero exit status 1.\nname 'DATA_PATH' is not defined","exc_notes":[],"syntax_error":null,"is_cause":false,"frames":[{"filename":"/home/airflow/.local/lib/python3.12/site-packages/airflow/sdk/execution_time/task_runner.py","lineno":1068,"name":"run"},{"filename":"/home/airflow/.local/lib/python3.12/site-packages/airflow/sdk/execution_time/task_runner.py","lineno":1477,"name":"_execute_task"},{"filename":"/home/airflow/.local/lib/python3.12/site-packages/airflow/sdk/bases/operator.py","lineno":417,"name":"wrapper"},{"filename":"/home/airflow/.local/lib/python3.12/site-packages/airflow/sdk/bases/decorator.py","lineno":252,"name":"execute"},{"filename":"/home/airflow/.local/lib/python3.12/site-packages/airflow/sdk/bases/operator.py","lineno":417,"name":"wrapper"},{"filename":"/home/airflow/.local/lib/python3.12/site-packages/airflow/providers/standard/operators/python.py","lineno":546,"name":"execute"},{"filename":"/home/airflow/.local/lib/python3.12/site-packages/airflow/sdk/bases/operator.py","lineno":417,"name":"wrapper"},{"filename":"/home/airflow/.local/lib/python3.12/site-packages/airflow/providers/standard/operators/python.py","lineno":228,"name":"execute"},{"filename":"/home/airflow/.local/lib/python3.12/site-packages/airflow/providers/standard/operators/python.py","lineno":982,"name":"execute_callable"},{"filename":"/home/airflow/.local/lib/python3.12/site-packages/airflow/providers/standard/operators/python.py","lineno":674,"name":"_execute_python_callable_in_subprocess"}],"is_group":false,"exceptions":[]}]}
{"timestamp":"2026-03-10T17:41:20.284652Z","level":"info","event":"Task instance in failure state","logger":"task.stdout"}
{"timestamp":"2026-03-10T17:41:20.284913Z","level":"info","event":"Task start","logger":"task.stdout"}
{"timestamp":"2026-03-10T17:41:20.285069Z","level":"info","event":"Task:<Task(_PythonVirtualenvDecoratedOperator): virtualenv_python>","logger":"task.stdout"}
{"timestamp":"2026-03-10T17:41:20.285173Z","level":"info","event":"Failure caused by Process returned non-zero exit status 1.","logger":"task.stdout"}
{"timestamp":"2026-03-10T17:41:20.285247Z","level":"info","event":"name 'DATA_PATH' is not defined","logger":"task.stdout"}
